<?xml version="1.0" encoding="UTF-8"?>
<!-- Generated by org.testng.reporters.JUnitReportReporter -->
<testsuite skipped="4" hostname="Khanjadas-MacBook-Pro.local" name="assignmentFive_4.TestNgGroupingDependency" tests="6" failures="0" timestamp="2021-11-04T13:53:35 EDT" time="6.322" errors="1">
  <testcase name="m2" time="6.223" classname="assignmentFive_4.TestNgGroupingDependency"/>
  <system-out/>
  <testcase name="m3" time="0.000" classname="assignmentFive_4.TestNgGroupingDependency">
    <skipped/>
  </testcase> <!-- m3 -->
  <system-out/>
  <testcase name="m4" time="0.000" classname="assignmentFive_4.TestNgGroupingDependency">
    <skipped/>
  </testcase> <!-- m4 -->
  <system-out/>
  <testcase name="m6" time="0.000" classname="assignmentFive_4.TestNgGroupingDependency">
    <skipped/>
  </testcase> <!-- m6 -->
  <system-out/>
  <testcase name="m1" time="0.099" classname="assignmentFive_4.TestNgGroupingDependency">
    <error type="java.lang.IllegalStateException" message="The driver executable does not exist: /Users/hurayra/eclipse-workspace/MPJ_WorkSpace/seleniumProject/./drivers/chromedriver">
      <![CDATA[java.lang.IllegalStateException: The driver executable does not exist: /Users/hurayra/eclipse-workspace/MPJ_WorkSpace/seleniumProject/./drivers/chromedriver
at com.google.common.base.Preconditions.checkState(Preconditions.java:199)
at org.openqa.selenium.remote.service.DriverService.checkExecutable(DriverService.java:121)
at org.openqa.selenium.remote.service.DriverService.findExecutable(DriverService.java:116)
at org.openqa.selenium.chrome.ChromeDriverService.access$000(ChromeDriverService.java:32)
at org.openqa.selenium.chrome.ChromeDriverService$Builder.findDefaultExecutable(ChromeDriverService.java:137)
at org.openqa.selenium.remote.service.DriverService$Builder.build(DriverService.java:296)
at org.openqa.selenium.chrome.ChromeDriverService.createDefaultService(ChromeDriverService.java:88)
at org.openqa.selenium.chrome.ChromeDriver.<init>(ChromeDriver.java:120)
at assignmentFive_4.TestNgGroupingDependency.m1(TestNgGroupingDependency.java:11)
at sun.reflect.NativeMethodAccessorImpl.invoke0(Native Method)
at sun.reflect.NativeMethodAccessorImpl.invoke(NativeMethodAccessorImpl.java:62)
at sun.reflect.DelegatingMethodAccessorImpl.invoke(DelegatingMethodAccessorImpl.java:43)
at java.lang.reflect.Method.invoke(Method.java:498)
at org.testng.internal.MethodInvocationHelper.invokeMethod(MethodInvocationHelper.java:132)
at org.testng.internal.TestInvoker.invokeMethod(TestInvoker.java:599)
at org.testng.internal.TestInvoker.invokeTestMethod(TestInvoker.java:174)
at org.testng.internal.MethodRunner.runInSequence(MethodRunner.java:46)
at org.testng.internal.TestInvoker$MethodInvocationAgent.invoke(TestInvoker.java:822)
at org.testng.internal.TestInvoker.invokeTestMethods(TestInvoker.java:147)
at org.testng.internal.TestMethodWorker.invokeTestMethods(TestMethodWorker.java:146)
at org.testng.internal.TestMethodWorker.run(TestMethodWorker.java:128)
at java.util.ArrayList.forEach(ArrayList.java:1259)
at org.testng.TestRunner.privateRun(TestRunner.java:764)
at org.testng.TestRunner.run(TestRunner.java:585)
at org.testng.SuiteRunner.runTest(SuiteRunner.java:384)
at org.testng.SuiteRunner.runSequentially(SuiteRunner.java:378)
at org.testng.SuiteRunner.privateRun(SuiteRunner.java:337)
at org.testng.SuiteRunner.run(SuiteRunner.java:286)
at org.testng.SuiteRunnerWorker.runSuite(SuiteRunnerWorker.java:53)
at org.testng.SuiteRunnerWorker.run(SuiteRunnerWorker.java:96)
at org.testng.TestNG.runSuitesSequentially(TestNG.java:1218)
at org.testng.TestNG.runSuitesLocally(TestNG.java:1140)
at org.testng.TestNG.runSuites(TestNG.java:1069)
at org.testng.TestNG.run(TestNG.java:1037)
at org.testng.remote.AbstractRemoteTestNG.run(AbstractRemoteTestNG.java:115)
at org.testng.remote.RemoteTestNG.initAndRun(RemoteTestNG.java:251)
at org.testng.remote.RemoteTestNG.main(RemoteTestNG.java:77)
]]>
    </error>
  </testcase> <!-- m1 -->
  <system-out/>
  <testcase name="m5" time="0.000" classname="assignmentFive_4.TestNgGroupingDependency">
    <skipped/>
  </testcase> <!-- m5 -->
  <system-out/>
</testsuite> <!-- assignmentFive_4.TestNgGroupingDependency -->
